
<div id="sidetoggle">
  <div>
    <div class="sidefilter">
      <form class="toc-filter">
        <span class="glyphicon glyphicon-filter filter-icon"></span>
        <input type="text" id="toc_filter_input" placeholder="Enter here to filter..." onkeypress="if(event.keyCode==13) {return false;}">
      </form>
    </div>
    <div class="sidetoc">
      <div class="toc" id="toc">
          
          <ul class="nav level1">
                <li>
                    <span class="expand-stub"></span>
                    <a href="index.html" name="" title="docapisol">docapisol</a>
                    
                    <ul class="nav level2">
                          <li>
                              <a href="AmqpTransportOptions.html#docapisol_AmqpTransportOptions" name="" title="AmqpTransportOptions">AmqpTransportOptions</a>
                          </li>
                          <li>
                              <a href="BlobUpload.html#docapisol_BlobUpload" name="" title="BlobUpload">BlobUpload</a>
                          </li>
                          <li>
                              <a href="Client.html#docapisol_Client" name="" title="Client">Client</a>
                          </li>
                          <li>
                              <a href="DeviceClientOptions.html#docapisol_DeviceClientOptions" name="" title="DeviceClientOptions">DeviceClientOptions</a>
                          </li>
                          <li>
                              <a href="DeviceMethodExchange.html#docapisol_DeviceMethodExchange" name="" title="DeviceMethodExchange">DeviceMethodExchange</a>
                          </li>
                          <li>
                              <a href="DeviceMethodRequest.html#docapisol_DeviceMethodRequest" name="" title="DeviceMethodRequest">DeviceMethodRequest</a>
                          </li>
                          <li>
                              <a href="DeviceMethodResponse.html#docapisol_DeviceMethodResponse" name="" title="DeviceMethodResponse">DeviceMethodResponse</a>
                          </li>
                          <li>
                              <a href="DeviceTransport.html#docapisol_DeviceTransport" name="" title="DeviceTransport">DeviceTransport</a>
                          </li>
                          <li>
                              <a href="HttpReceiverOptions.html#docapisol_HttpReceiverOptions" name="" title="HttpReceiverOptions">HttpReceiverOptions</a>
                          </li>
                          <li>
                              <a href="HttpTransportOptions.html#docapisol_HttpTransportOptions" name="" title="HttpTransportOptions">HttpTransportOptions</a>
                          </li>
                          <li>
                              <a href="IotEdgeAuthenticationProvider.html#docapisol_IotEdgeAuthenticationProvider" name="" title="IotEdgeAuthenticationProvider">IotEdgeAuthenticationProvider</a>
                          </li>
                          <li>
                              <a href="MethodCallback.html#docapisol_MethodCallback" name="" title="MethodCallback">MethodCallback</a>
                          </li>
                          <li>
                              <a href="MethodParams.html#docapisol_MethodParams" name="" title="MethodParams">MethodParams</a>
                          </li>
                          <li>
                              <a href="MethodResult.html#docapisol_MethodResult" name="" title="MethodResult">MethodResult</a>
                          </li>
                          <li>
                              <a href="ModuleClient.html#docapisol_ModuleClient" name="" title="ModuleClient">ModuleClient</a>
                          </li>
                          <li>
                              <a href="MqttTransportOptions.html#docapisol_MqttTransportOptions" name="" title="MqttTransportOptions">MqttTransportOptions</a>
                          </li>
                          <li>
                              <a href="SharedAccessKeyAuthenticationProvider.html#docapisol_SharedAccessKeyAuthenticationProvider" name="" title="SharedAccessKeyAuthenticationProvider">SharedAccessKeyAuthenticationProvider</a>
                          </li>
                          <li>
                              <a href="SharedAccessSignatureAuthenticationProvider.html#docapisol_SharedAccessSignatureAuthenticationProvider" name="" title="SharedAccessSignatureAuthenticationProvider">SharedAccessSignatureAuthenticationProvider</a>
                          </li>
                          <li>
                              <a href="TransportCtor.html#docapisol_TransportCtor" name="" title="TransportCtor">TransportCtor</a>
                          </li>
                          <li>
                              <a href="Twin.html#docapisol_Twin" name="" title="Twin">Twin</a>
                          </li>
                          <li>
                              <a href="TwinProperties.html#docapisol_TwinProperties" name="" title="TwinProperties">TwinProperties</a>
                          </li>
                          <li>
                              <a href="X509AuthenticationProvider.html#docapisol_X509AuthenticationProvider" name="" title="X509AuthenticationProvider">X509AuthenticationProvider</a>
                          </li>
                    </ul>
                </li>
          </ul>
      </div>
    </div>
  </div>
</div>